<?xml version="1.0" encoding="UTF-8"?>
<!-- Generated by org.testng.reporters.JUnitReportReporter -->
<testsuite skipped="0" hostname="EPINHYDW0793" name="org.epam.tests.BaseTest" tests="1" failures="0" timestamp="21 Aug 2017 11:10:18 GMT" time="0.174" errors="0">
  <testcase name="selectFromList" time="0.174" classname="org.epam.tests.BaseTest"/>
</testsuite> <!-- org.epam.tests.BaseTest -->
